<?xml version="1.0" encoding="UTF-8"?>
<testng-results ignored="0" total="4" passed="4" failed="0" skipped="0">
  <reporter-output>
  </reporter-output>
  <suite started-at="2022-10-19T22:06:04 MESZ" name="Suite1" finished-at="2022-10-19T22:08:02 MESZ" duration-ms="117808">
    <groups>
      <group name="cucumber">
        <method signature="AbstractTestNGCucumberTests.runScenario(io.cucumber.testng.PickleWrapper, io.cucumber.testng.FeatureWrapper)[pri:0, instance:runner.TestRunner@1e6a3214]" name="runScenario" class="io.cucumber.testng.AbstractTestNGCucumberTests"/>
      </group> <!-- cucumber -->
    </groups>
    <test started-at="2022-10-19T22:06:04 MESZ" name="Test1" finished-at="2022-10-19T22:08:02 MESZ" duration-ms="117808">
      <class name="runner.TestRunner">
        <test-method is-config="true" signature="setUpClass()[pri:0, instance:runner.TestRunner@1e6a3214]" started-at="2022-10-19T22:06:05 MESZ" name="setUpClass" finished-at="2022-10-19T22:06:05 MESZ" duration-ms="329" status="PASS">
          <reporter-output>
          </reporter-output>
        </test-method> <!-- setUpClass -->
        <test-method signature="runScenario(io.cucumber.testng.PickleWrapper, io.cucumber.testng.FeatureWrapper)[pri:0, instance:runner.TestRunner@1e6a3214]" started-at="2022-10-19T22:06:05 MESZ" name="runScenario" description="Runs Cucumber Scenarios" data-provider="scenarios" finished-at="2022-10-19T22:06:49 MESZ" duration-ms="43668" status="PASS">
          <params>
            <param index="0">
              <value>
                <![CDATA["I want to search on duck-duck-go site"]]>
              </value>
            </param>
            <param index="1">
              <value>
                <![CDATA["Duck Duck Go Search"]]>
              </value>
            </param>
          </params>
          <reporter-output>
          </reporter-output>
        </test-method> <!-- runScenario -->
        <test-method signature="runScenario(io.cucumber.testng.PickleWrapper, io.cucumber.testng.FeatureWrapper)[pri:0, instance:runner.TestRunner@1e6a3214]" started-at="2022-10-19T22:06:49 MESZ" name="runScenario" description="Runs Cucumber Scenarios" data-provider="scenarios" finished-at="2022-10-19T22:07:15 MESZ" duration-ms="25739" status="PASS">
          <params>
            <param index="0">
              <value>
                <![CDATA["I want to search on duck-duck-go site"]]>
              </value>
            </param>
            <param index="1">
              <value>
                <![CDATA["Duck Duck Go Search"]]>
              </value>
            </param>
          </params>
          <reporter-output>
          </reporter-output>
        </test-method> <!-- runScenario -->
        <test-method signature="runScenario(io.cucumber.testng.PickleWrapper, io.cucumber.testng.FeatureWrapper)[pri:0, instance:runner.TestRunner@1e6a3214]" started-at="2022-10-19T22:07:15 MESZ" name="runScenario" description="Runs Cucumber Scenarios" data-provider="scenarios" finished-at="2022-10-19T22:07:44 MESZ" duration-ms="28650" status="PASS">
          <params>
            <param index="0">
              <value>
                <![CDATA["I want to search on duck-duck-go site"]]>
              </value>
            </param>
            <param index="1">
              <value>
                <![CDATA["Duck Duck Go Search"]]>
              </value>
            </param>
          </params>
          <reporter-output>
          </reporter-output>
        </test-method> <!-- runScenario -->
        <test-method signature="runScenario(io.cucumber.testng.PickleWrapper, io.cucumber.testng.FeatureWrapper)[pri:0, instance:runner.TestRunner@1e6a3214]" started-at="2022-10-19T22:07:44 MESZ" name="runScenario" description="Runs Cucumber Scenarios" data-provider="scenarios" finished-at="2022-10-19T22:08:02 MESZ" duration-ms="18397" status="PASS">
          <params>
            <param index="0">
              <value>
                <![CDATA["I want to search on duck-duck-go site"]]>
              </value>
            </param>
            <param index="1">
              <value>
                <![CDATA["Duck Duck Go Search"]]>
              </value>
            </param>
          </params>
          <reporter-output>
          </reporter-output>
        </test-method> <!-- runScenario -->
        <test-method is-config="true" signature="tearDownClass()[pri:0, instance:runner.TestRunner@1e6a3214]" started-at="2022-10-19T22:08:02 MESZ" name="tearDownClass" finished-at="2022-10-19T22:08:02 MESZ" duration-ms="6" status="PASS">
          <reporter-output>
          </reporter-output>
        </test-method> <!-- tearDownClass -->
      </class> <!-- runner.TestRunner -->
    </test> <!-- Test1 -->
  </suite> <!-- Suite1 -->
</testng-results>
